<?xml version="1.0" encoding="UTF-8"?>
<!-- Generated by org.testng.reporters.JUnitXMLReporter -->
<testsuite hostname="creatix" ignored="0" name="Surefire test" tests="4" failures="0" timestamp="29 Jul 2020 09:45:32 GMT" time="0.854" errors="0">
  <testcase name="testGetDbTester on testGetDbTester(bry.mogo.testing.DbUnitMogoDriverTest)" time="0.742" classname="bry.mogo.testing.DbUnitMogoDriverTest"/>
  <testcase name="testGetDatabaseConnection on testGetDatabaseConnection(bry.mogo.testing.DbUnitMogoDriverTest)" time="0.756" classname="bry.mogo.testing.DbUnitMogoDriverTest"/>
  <testcase name="testGetSetMogoConfig on testGetSetMogoConfig(bry.mogo.testing.DbUnitMogoDriverTest)" time="0.757" classname="bry.mogo.testing.DbUnitMogoDriverTest"/>
  <testcase name="testGetConnection on testGetConnection(bry.mogo.testing.DbUnitMogoDriverTest)" time="0.77" classname="bry.mogo.testing.DbUnitMogoDriverTest"/>
</testsuite> <!-- Surefire test -->
