<?xml version="1.0" encoding="UTF-8"?>
<testsuite xmlns:xsi="http://www.w3.org/2001/XMLSchema-instance" xsi:noNamespaceSchemaLocation="https://maven.apache.org/surefire/maven-surefire-plugin/xsd/surefire-test-report.xsd" name="bry.mogo.testing.DbUnitMogoDriverTest" time="1.091" tests="4" errors="0" skipped="0" failures="0">
  <properties>
[...]
</properties>
  <testcase name="testGetDbTester on testGetDbTester(bry.mogo.testing.DbUnitMogoDriverTest)" classname="bry.mogo.testing.DbUnitMogoDriverTest" time="0.721"/>
  <testcase name="testGetDatabaseConnection on testGetDatabaseConnection(bry.mogo.testing.DbUnitMogoDriverTest)" classname="bry.mogo.testing.DbUnitMogoDriverTest" time="0.015"/>
  <testcase name="testGetSetMogoConfig on testGetSetMogoConfig(bry.mogo.testing.DbUnitMogoDriverTest)" classname="bry.mogo.testing.DbUnitMogoDriverTest" time="0"/>
  <testcase name="testGetConnection on testGetConnection(bry.mogo.testing.DbUnitMogoDriverTest)" classname="bry.mogo.testing.DbUnitMogoDriverTest" time="0.014"/>
</testsuite>