<?xml version="1.0" encoding="UTF-8"?>
<testng-results skipped="0" failed="0" ignored="0" total="4" passed="4">
  <reporter-output>
  </reporter-output>
  <suite name="Surefire suite" duration-ms="854" started-at="2020-07-29T09:45:31Z" finished-at="2020-07-29T09:45:32Z">
    <groups>
    </groups>
    <test name="Surefire test" duration-ms="854" started-at="2020-07-29T09:45:31Z" finished-at="2020-07-29T09:45:32Z">
      <class name="bry.mogo.testing.DbUnitMogoDriverTest">
        <test-method status="PASS" signature="testGetDbTester() throws java.lang.Exception" name="testGetDbTester" duration-ms="742" started-at="2020-07-29T11:45:31Z" finished-at="2020-07-29T11:45:32Z">
          <reporter-output>
          </reporter-output>
        </test-method> <!-- testGetDbTester -->
        <test-method status="PASS" signature="testGetSetMogoConfig()" name="testGetSetMogoConfig" duration-ms="757" started-at="2020-07-29T11:45:31Z" finished-at="2020-07-29T11:45:32Z">
          <reporter-output>
          </reporter-output>
        </test-method> <!-- testGetSetMogoConfig -->
        <test-method status="PASS" signature="testGetDatabaseConnection() throws java.lang.Exception" name="testGetDatabaseConnection" duration-ms="756" started-at="2020-07-29T11:45:31Z" finished-at="2020-07-29T11:45:32Z">
          <reporter-output>
          </reporter-output>
        </test-method> <!-- testGetDatabaseConnection -->
        <test-method status="PASS" signature="testGetConnection() throws java.lang.Exception" name="testGetConnection" duration-ms="770" started-at="2020-07-29T11:45:31Z" finished-at="2020-07-29T11:45:32Z">
          <reporter-output>
          </reporter-output>
        </test-method> <!-- testGetConnection -->
      </class> <!-- bry.mogo.testing.DbUnitMogoDriverTest -->
    </test> <!-- Surefire test -->
  </suite> <!-- Surefire suite -->
</testng-results>
